<?xml version="1.0" encoding="UTF-8"?>
<!-- Generated by org.testng.reporters.JUnitReportReporter -->
<testsuite hostname="IN2-NOINB-ABBI" failures="0" tests="3" name="com.MyWork.TaskTest" time="24.318" errors="0" timestamp="2024-03-21T12:41:34 IST" skipped="0">
  <testcase classname="com.MyWork.TaskTest" name="launchiCustomerProduct" time="12.619"/>
  <testcase classname="com.MyWork.TaskTest" name="openTasksModule" time="5.796"/>
  <testcase classname="com.MyWork.TaskTest" name="fillCreateNewTask" time="5.903"/>
</testsuite> <!-- com.MyWork.TaskTest -->
