<?xml version="1.0" encoding="UTF-8"?>
<!-- Generated by org.testng.reporters.JUnitReportReporter -->
<testsuite hostname="IN2-NOINB-ABBI" failures="0" tests="3" name="com.practice.BB" time="19.211" errors="0" timestamp="2024-03-18T15:57:33 IST" skipped="0">
  <testcase classname="com.practice.BB" name="runBBA" time="19.209"/>
  <testcase classname="com.practice.BB" name="runBBC" time="0.001"/>
  <testcase classname="com.practice.BB" name="runBBB" time="0.001"/>
</testsuite> <!-- com.practice.BB -->
