<?xml version="1.0" encoding="UTF-8"?>
<!-- Generated by org.testng.reporters.JUnitReportReporter -->
<testsuite hostname="IN2-NOINB-ABBI" failures="0" tests="5" name="com.saleshub.SalesHomeTest" time="83.037" errors="0" timestamp="2024-03-22T12:21:47 IST" skipped="0">
  <testcase classname="com.saleshub.SalesHomeTest" name="launchiCustomerProduct" time="17.415"/>
  <testcase classname="com.saleshub.SalesHomeTest" name="openSalesHomeModule" time="6.957"/>
  <testcase classname="com.saleshub.SalesHomeTest" name="fillQualify" time="36.013"/>
  <testcase classname="com.saleshub.SalesHomeTest" name="fillDevelop" time="13.907"/>
  <testcase classname="com.saleshub.SalesHomeTest" name="fillPropose" time="8.745"/>
</testsuite> <!-- com.saleshub.SalesHomeTest -->
