<?xml version="1.0" encoding="UTF-8"?>
<!-- Generated by org.testng.reporters.JUnitReportReporter -->
<testsuite hostname="IN2-NOINB-ABBI" failures="0" tests="3" name="com.MyWork.TaskTest" time="25.933" errors="0" timestamp="2024-03-20T18:01:29 IST" skipped="0">
  <testcase classname="com.MyWork.TaskTest" name="launchiCustomerProduct" time="14.414"/>
  <testcase classname="com.MyWork.TaskTest" name="openTasksModule" time="5.260"/>
  <testcase classname="com.MyWork.TaskTest" name="fillCreateNewTask" time="6.259"/>
</testsuite> <!-- com.MyWork.TaskTest -->
