<?xml version="1.0" encoding="UTF-8"?>
<!-- Generated by org.testng.reporters.JUnitReportReporter -->
<testsuite hostname="IN2-NOINB-ABBI" failures="0" tests="5" name="com.saleshub.SalesHomeTest" time="65.756" errors="0" timestamp="2024-03-19T15:48:02 IST" skipped="0">
  <testcase classname="com.saleshub.SalesHomeTest" name="launchiCustomerProduct" time="19.718"/>
  <testcase classname="com.saleshub.SalesHomeTest" name="openSalesHomeModule" time="3.964"/>
  <testcase classname="com.saleshub.SalesHomeTest" name="fillQualify" time="24.813"/>
  <testcase classname="com.saleshub.SalesHomeTest" name="fillDevelop" time="11.740"/>
  <testcase classname="com.saleshub.SalesHomeTest" name="fillPropose" time="5.521"/>
</testsuite> <!-- com.saleshub.SalesHomeTest -->
