<?xml version="1.0" encoding="UTF-8"?>
<!-- Generated by org.testng.reporters.JUnitReportReporter -->
<testsuite hostname="IN2-NOINB-ABBI" failures="0" tests="3" name="com.iCustomer.CreateNewOrganizationTest" time="21.765" errors="0" timestamp="2024-03-19T16:03:12 IST" skipped="0">
  <testcase classname="com.iCustomer.CreateNewOrganizationTest" name="launchiCustomerProduct" time="12.545"/>
  <testcase classname="com.iCustomer.CreateNewOrganizationTest" name="open360HomeModule" time="3.420"/>
  <testcase classname="com.iCustomer.CreateNewOrganizationTest" name="fillDetails" time="5.800"/>
</testsuite> <!-- com.iCustomer.CreateNewOrganizationTest -->
