<?xml version="1.0" encoding="UTF-8"?>
<!-- Generated by org.testng.reporters.JUnitReportReporter -->
<testsuite hostname="IN2-NOINB-ABBI" failures="0" tests="5" name="com.saleshub.SalesHomeTest" time="86.657" errors="0" timestamp="2024-04-11T11:30:00 IST" skipped="0">
  <testcase classname="com.saleshub.SalesHomeTest" name="launchiCustomerProduct" time="16.923"/>
  <testcase classname="com.saleshub.SalesHomeTest" name="openSalesHomeModule" time="10.212"/>
  <testcase classname="com.saleshub.SalesHomeTest" name="fillQualify" time="36.916"/>
  <testcase classname="com.saleshub.SalesHomeTest" name="fillDevelop" time="13.453"/>
  <testcase classname="com.saleshub.SalesHomeTest" name="fillPropose" time="9.153"/>
</testsuite> <!-- com.saleshub.SalesHomeTest -->
