<?xml version="1.0" encoding="UTF-8"?>
<!-- Generated by org.testng.reporters.JUnitReportReporter -->
<testsuite hostname="IN2-NOINB-ABBI" failures="0" tests="5" name="com.saleshub.SalesHomeTest" time="78.043" errors="0" timestamp="2024-03-21T10:04:55 IST" skipped="0">
  <testcase classname="com.saleshub.SalesHomeTest" name="launchiCustomerProduct" time="12.154"/>
  <testcase classname="com.saleshub.SalesHomeTest" name="openSalesHomeModule" time="8.532"/>
  <testcase classname="com.saleshub.SalesHomeTest" name="fillQualify" time="37.123"/>
  <testcase classname="com.saleshub.SalesHomeTest" name="fillDevelop" time="11.788"/>
  <testcase classname="com.saleshub.SalesHomeTest" name="fillPropose" time="8.446"/>
</testsuite> <!-- com.saleshub.SalesHomeTest -->
