<?xml version="1.0" encoding="UTF-8"?>
<!-- Generated by org.testng.reporters.JUnitReportReporter -->
<testsuite hostname="IN2-NOINB-ABBI" failures="0" tests="3" name="com.saleshub.SalesHomeTest" time="42.038" errors="0" timestamp="2024-03-20T15:20:23 IST" skipped="0">
  <testcase classname="com.saleshub.SalesHomeTest" name="launchiCustomerProduct" time="13.202"/>
  <testcase classname="com.saleshub.SalesHomeTest" name="openSalesHomeModule" time="4.923"/>
  <testcase classname="com.saleshub.SalesHomeTest" name="fillQualify" time="23.913"/>
</testsuite> <!-- com.saleshub.SalesHomeTest -->
