<?xml version="1.0" encoding="UTF-8"?>
<!-- Generated by org.testng.reporters.JUnitReportReporter -->
<testsuite hostname="IN2-NOINB-ABBI" failures="0" tests="3" name="com.MyWork.TaskTest" time="32.830" errors="0" timestamp="2024-03-20T18:36:12 IST" skipped="0">
  <testcase classname="com.MyWork.TaskTest" name="launchiCustomerProduct" time="19.812"/>
  <testcase classname="com.MyWork.TaskTest" name="openTasksModule" time="5.440"/>
  <testcase classname="com.MyWork.TaskTest" name="fillCreateNewTask" time="7.578"/>
</testsuite> <!-- com.MyWork.TaskTest -->
