<?xml version="1.0" encoding="UTF-8"?>
<!-- Generated by org.testng.reporters.JUnitReportReporter -->
<testsuite hostname="IN2-NOINB-ABBI" failures="0" tests="3" name="com.iCustomer.CreateNewOrganizationTest" time="37.194" errors="0" timestamp="2024-03-21T13:00:58 IST" skipped="0">
  <testcase classname="com.iCustomer.CreateNewOrganizationTest" name="launchiCustomerProduct" time="22.074"/>
  <testcase classname="com.iCustomer.CreateNewOrganizationTest" name="open360HomeModule" time="5.597"/>
  <testcase classname="com.iCustomer.CreateNewOrganizationTest" name="fillDetails" time="9.523"/>
</testsuite> <!-- com.iCustomer.CreateNewOrganizationTest -->
