<?xml version="1.0" encoding="UTF-8"?>
<!-- Generated by org.testng.reporters.JUnitReportReporter -->
<testsuite hostname="IN2-NOINB-ABBI" failures="0" tests="5" name="com.saleshub.SalesHomeTest" time="87.229" errors="0" timestamp="2024-03-28T15:33:30 IST" skipped="0">
  <testcase classname="com.saleshub.SalesHomeTest" name="launchiCustomerProduct" time="16.901"/>
  <testcase classname="com.saleshub.SalesHomeTest" name="openSalesHomeModule" time="15.302"/>
  <testcase classname="com.saleshub.SalesHomeTest" name="fillQualify" time="33.252"/>
  <testcase classname="com.saleshub.SalesHomeTest" name="fillDevelop" time="13.324"/>
  <testcase classname="com.saleshub.SalesHomeTest" name="fillPropose" time="8.450"/>
</testsuite> <!-- com.saleshub.SalesHomeTest -->
