<?xml version="1.0" encoding="UTF-8"?>
<!-- Generated by org.testng.reporters.JUnitReportReporter -->
<testsuite hostname="IN2-NOINB-ABBI" failures="0" tests="5" name="com.saleshub.SalesHomeTest" time="64.565" errors="0" timestamp="2024-03-20T18:17:04 IST" skipped="0">
  <testcase classname="com.saleshub.SalesHomeTest" name="launchiCustomerProduct" time="8.931"/>
  <testcase classname="com.saleshub.SalesHomeTest" name="openSalesHomeModule" time="7.099"/>
  <testcase classname="com.saleshub.SalesHomeTest" name="fillQualify" time="29.518"/>
  <testcase classname="com.saleshub.SalesHomeTest" name="fillDevelop" time="11.090"/>
  <testcase classname="com.saleshub.SalesHomeTest" name="fillPropose" time="7.927"/>
</testsuite> <!-- com.saleshub.SalesHomeTest -->
