<?xml version="1.0" encoding="UTF-8"?>
<!-- Generated by org.testng.reporters.JUnitReportReporter -->
<testsuite hostname="IN2-NOINB-ABBI" failures="0" tests="5" name="com.saleshub.SalesHomeTest" time="70.808" errors="0" timestamp="2024-03-19T15:00:18 IST" skipped="0">
  <testcase classname="com.saleshub.SalesHomeTest" name="launchiCustomerProduct" time="13.361"/>
  <testcase classname="com.saleshub.SalesHomeTest" name="openSalesHomeModule" time="5.588"/>
  <testcase classname="com.saleshub.SalesHomeTest" name="fillQualify" time="33.990"/>
  <testcase classname="com.saleshub.SalesHomeTest" name="fillDevelop" time="11.962"/>
  <testcase classname="com.saleshub.SalesHomeTest" name="fillPropose" time="5.907"/>
</testsuite> <!-- com.saleshub.SalesHomeTest -->
