<?xml version="1.0" encoding="UTF-8"?>
<!-- Generated by org.testng.reporters.JUnitReportReporter -->
<testsuite hostname="IN2-NOINB-ABBI" failures="0" tests="2" name="com.MyWork.DashboardTest" time="11.978" errors="0" timestamp="2024-03-19T16:22:06 IST" skipped="0">
  <testcase classname="com.MyWork.DashboardTest" name="launchiCustomerProduct" time="4.213"/>
  <testcase classname="com.MyWork.DashboardTest" name="CreateEvent" time="7.765"/>
</testsuite> <!-- com.MyWork.DashboardTest -->
