<?xml version="1.0" encoding="UTF-8"?>
<!-- Generated by org.testng.reporters.JUnitReportReporter -->
<testsuite hostname="IN2-NOINB-ABBI" failures="0" tests="5" name="com.saleshub.SalesHomeTest" time="48.589" errors="0" timestamp="2024-03-19T16:05:44 IST" skipped="0">
  <testcase classname="com.saleshub.SalesHomeTest" name="launchiCustomerProduct" time="4.473"/>
  <testcase classname="com.saleshub.SalesHomeTest" name="openSalesHomeModule" time="5.997"/>
  <testcase classname="com.saleshub.SalesHomeTest" name="fillQualify" time="21.284"/>
  <testcase classname="com.saleshub.SalesHomeTest" name="fillDevelop" time="11.140"/>
  <testcase classname="com.saleshub.SalesHomeTest" name="fillPropose" time="5.695"/>
</testsuite> <!-- com.saleshub.SalesHomeTest -->
