<?xml version="1.0" encoding="UTF-8"?>
<!-- Generated by org.testng.reporters.JUnitReportReporter -->
<testsuite hostname="IN2-NOINB-ABBI" failures="0" tests="3" name="com.MyWork.TaskTest" time="15.364" errors="0" timestamp="2024-03-19T16:22:06 IST" skipped="0">
  <testcase classname="com.MyWork.TaskTest" name="launchiCustomerProduct" time="4.368"/>
  <testcase classname="com.MyWork.TaskTest" name="openTasksModule" time="6.138"/>
  <testcase classname="com.MyWork.TaskTest" name="fillCreateNewTask" time="4.858"/>
</testsuite> <!-- com.MyWork.TaskTest -->
