<?xml version="1.0" encoding="UTF-8"?>
<!-- Generated by org.testng.reporters.JUnitReportReporter -->
<testsuite hostname="IN2-NOINB-ABBI" failures="0" tests="5" name="com.saleshub.SalesHomeTest" time="51.604" errors="0" timestamp="2024-03-19T17:18:13 IST" skipped="0">
  <testcase classname="com.saleshub.SalesHomeTest" name="launchiCustomerProduct" time="4.284"/>
  <testcase classname="com.saleshub.SalesHomeTest" name="openSalesHomeModule" time="6.910"/>
  <testcase classname="com.saleshub.SalesHomeTest" name="fillQualify" time="22.560"/>
  <testcase classname="com.saleshub.SalesHomeTest" name="fillDevelop" time="11.804"/>
  <testcase classname="com.saleshub.SalesHomeTest" name="fillPropose" time="6.046"/>
</testsuite> <!-- com.saleshub.SalesHomeTest -->
