<?xml version="1.0" encoding="UTF-8"?>
<!-- Generated by org.testng.reporters.JUnitReportReporter -->
<testsuite hostname="IN2-NOINB-ABBI" failures="0" tests="2" name="com.MyWork.DashboardTest" time="13.118" errors="0" timestamp="2024-03-19T13:01:28 IST" skipped="0">
  <testcase classname="com.MyWork.DashboardTest" name="launchiCustomerProduct" time="4.150"/>
  <testcase classname="com.MyWork.DashboardTest" name="CreateEvent" time="8.968"/>
</testsuite> <!-- com.MyWork.DashboardTest -->
