<?xml version="1.0" encoding="UTF-8"?>
<!-- Generated by org.testng.reporters.JUnitReportReporter -->
<testsuite hostname="IN2-NOINB-ABBI" failures="0" tests="3" name="com.iCustomer.CreateNewOrganizationTest" time="22.314" errors="0" timestamp="2024-03-19T16:05:44 IST" skipped="0">
  <testcase classname="com.iCustomer.CreateNewOrganizationTest" name="launchiCustomerProduct" time="13.294"/>
  <testcase classname="com.iCustomer.CreateNewOrganizationTest" name="open360HomeModule" time="3.302"/>
  <testcase classname="com.iCustomer.CreateNewOrganizationTest" name="fillDetails" time="5.718"/>
</testsuite> <!-- com.iCustomer.CreateNewOrganizationTest -->
