<?xml version="1.0" encoding="UTF-8"?>
<!-- Generated by org.testng.reporters.JUnitReportReporter -->
<testsuite hostname="IN2-NOINB-ABBI" failures="0" tests="5" name="com.saleshub.SalesHomeTest" time="89.400" errors="0" timestamp="2024-04-01T10:49:00 IST" skipped="0">
  <testcase classname="com.saleshub.SalesHomeTest" name="launchiCustomerProduct" time="4.365"/>
  <testcase classname="com.saleshub.SalesHomeTest" name="openSalesHomeModule" time="27.221"/>
  <testcase classname="com.saleshub.SalesHomeTest" name="fillQualify" time="34.822"/>
  <testcase classname="com.saleshub.SalesHomeTest" name="fillDevelop" time="13.910"/>
  <testcase classname="com.saleshub.SalesHomeTest" name="fillPropose" time="9.082"/>
</testsuite> <!-- com.saleshub.SalesHomeTest -->
