<?xml version="1.0" encoding="UTF-8"?>
<!-- Generated by org.testng.reporters.JUnitReportReporter -->
<testsuite hostname="IN2-NOINB-ABBI" failures="0" tests="3" name="com.iCustomer.CreateNewOrganizationTest" time="43.007" errors="0" timestamp="2024-03-22T12:34:25 IST" skipped="0">
  <testcase classname="com.iCustomer.CreateNewOrganizationTest" name="launchiCustomerProduct" time="28.240"/>
  <testcase classname="com.iCustomer.CreateNewOrganizationTest" name="open360HomeModule" time="4.029"/>
  <testcase classname="com.iCustomer.CreateNewOrganizationTest" name="fillDetails" time="10.738"/>
</testsuite> <!-- com.iCustomer.CreateNewOrganizationTest -->
