<?xml version="1.0" encoding="UTF-8"?>
<!-- Generated by org.testng.reporters.JUnitReportReporter -->
<testsuite hostname="IN2-NOINB-ABBI" failures="0" tests="3" name="com.iCustomer.CreateNewOrganizationTest" time="27.121" errors="0" timestamp="2024-03-21T13:40:02 IST" skipped="0">
  <testcase classname="com.iCustomer.CreateNewOrganizationTest" name="launchiCustomerProduct" time="17.363"/>
  <testcase classname="com.iCustomer.CreateNewOrganizationTest" name="open360HomeModule" time="2.515"/>
  <testcase classname="com.iCustomer.CreateNewOrganizationTest" name="fillDetails" time="7.243"/>
</testsuite> <!-- com.iCustomer.CreateNewOrganizationTest -->
