<?xml version="1.0" encoding="UTF-8"?>
<!-- Generated by org.testng.reporters.JUnitReportReporter -->
<testsuite hostname="IN2-NOINB-ABBI" failures="0" tests="3" name="com.MyWork.TaskTest" time="16.738" errors="0" timestamp="2024-03-22T12:34:25 IST" skipped="0">
  <testcase classname="com.MyWork.TaskTest" name="launchiCustomerProduct" time="4.364"/>
  <testcase classname="com.MyWork.TaskTest" name="openTasksModule" time="6.413"/>
  <testcase classname="com.MyWork.TaskTest" name="fillCreateNewTask" time="5.961"/>
</testsuite> <!-- com.MyWork.TaskTest -->
