<?xml version="1.0" encoding="UTF-8"?>
<!-- Generated by org.testng.reporters.JUnitReportReporter -->
<testsuite hostname="IN2-NOINB-ABBI" failures="0" tests="5" name="com.saleshub.SalesHomeTest" time="63.154" errors="0" timestamp="2024-03-21T13:40:03 IST" skipped="0">
  <testcase classname="com.saleshub.SalesHomeTest" name="launchiCustomerProduct" time="4.322"/>
  <testcase classname="com.saleshub.SalesHomeTest" name="openSalesHomeModule" time="6.992"/>
  <testcase classname="com.saleshub.SalesHomeTest" name="fillQualify" time="31.004"/>
  <testcase classname="com.saleshub.SalesHomeTest" name="fillDevelop" time="12.380"/>
  <testcase classname="com.saleshub.SalesHomeTest" name="fillPropose" time="8.456"/>
</testsuite> <!-- com.saleshub.SalesHomeTest -->
