<?xml version="1.0" encoding="UTF-8"?>
<!-- Generated by org.testng.reporters.JUnitReportReporter -->
<testsuite hostname="IN2-NOINB-ABBI" failures="0" tests="5" name="com.saleshub.SalesHomeTest" time="57.059" errors="0" timestamp="2024-03-19T13:01:28 IST" skipped="0">
  <testcase classname="com.saleshub.SalesHomeTest" name="launchiCustomerProduct" time="4.476"/>
  <testcase classname="com.saleshub.SalesHomeTest" name="openSalesHomeModule" time="7.619"/>
  <testcase classname="com.saleshub.SalesHomeTest" name="fillQualify" time="25.738"/>
  <testcase classname="com.saleshub.SalesHomeTest" name="fillDevelop" time="12.830"/>
  <testcase classname="com.saleshub.SalesHomeTest" name="fillPropose" time="6.396"/>
</testsuite> <!-- com.saleshub.SalesHomeTest -->
