<?xml version="1.0" encoding="UTF-8"?>
<!-- Generated by org.testng.reporters.JUnitReportReporter -->
<testsuite hostname="IN2-NOINB-ABBI" failures="0" tests="3" name="com.MyWork.TaskTest" time="17.466" errors="0" timestamp="2024-03-21T13:40:02 IST" skipped="0">
  <testcase classname="com.MyWork.TaskTest" name="launchiCustomerProduct" time="4.492"/>
  <testcase classname="com.MyWork.TaskTest" name="openTasksModule" time="7.415"/>
  <testcase classname="com.MyWork.TaskTest" name="fillCreateNewTask" time="5.559"/>
</testsuite> <!-- com.MyWork.TaskTest -->
