<?xml version="1.0" encoding="UTF-8"?>
<!-- Generated by org.testng.reporters.JUnitReportReporter -->
<testsuite hostname="IN2-NOINB-ABBI" failures="0" tests="3" name="com.iCustomer.CreateNewOrganizationTest" time="22.644" errors="0" timestamp="2024-03-19T16:22:06 IST" skipped="0">
  <testcase classname="com.iCustomer.CreateNewOrganizationTest" name="launchiCustomerProduct" time="14.127"/>
  <testcase classname="com.iCustomer.CreateNewOrganizationTest" name="open360HomeModule" time="2.374"/>
  <testcase classname="com.iCustomer.CreateNewOrganizationTest" name="fillDetails" time="6.143"/>
</testsuite> <!-- com.iCustomer.CreateNewOrganizationTest -->
