<?xml version="1.0" encoding="UTF-8"?>
<!-- Generated by org.testng.reporters.JUnitReportReporter -->
<testsuite hostname="IN2-NOINB-ABBI" failures="0" tests="3" name="com.iCustomer.CreateNewOrganizationTest" time="27.198" errors="0" timestamp="2024-03-22T12:03:20 IST" skipped="0">
  <testcase classname="com.iCustomer.CreateNewOrganizationTest" name="launchiCustomerProduct" time="9.301"/>
  <testcase classname="com.iCustomer.CreateNewOrganizationTest" name="open360HomeModule" time="7.295"/>
  <testcase classname="com.iCustomer.CreateNewOrganizationTest" name="fillDetails" time="10.602"/>
</testsuite> <!-- com.iCustomer.CreateNewOrganizationTest -->
