<?xml version="1.0" encoding="UTF-8"?>
<!-- Generated by org.testng.reporters.JUnitReportReporter -->
<testsuite hostname="IN2-NOINB-ABBI" failures="0" tests="5" name="com.saleshub.SalesHomeTest" time="64.293" errors="0" timestamp="2024-03-22T12:34:25 IST" skipped="0">
  <testcase classname="com.saleshub.SalesHomeTest" name="launchiCustomerProduct" time="4.047"/>
  <testcase classname="com.saleshub.SalesHomeTest" name="openSalesHomeModule" time="6.005"/>
  <testcase classname="com.saleshub.SalesHomeTest" name="fillQualify" time="32.418"/>
  <testcase classname="com.saleshub.SalesHomeTest" name="fillDevelop" time="13.489"/>
  <testcase classname="com.saleshub.SalesHomeTest" name="fillPropose" time="8.334"/>
</testsuite> <!-- com.saleshub.SalesHomeTest -->
