<?xml version="1.0" encoding="UTF-8"?>
<!-- Generated by org.testng.reporters.JUnitReportReporter -->
<testsuite hostname="IN2-NOINB-ABBI" failures="0" tests="3" name="com.MyWork.TaskTest" time="17.608" errors="0" timestamp="2024-03-19T13:01:28 IST" skipped="0">
  <testcase classname="com.MyWork.TaskTest" name="launchiCustomerProduct" time="5.012"/>
  <testcase classname="com.MyWork.TaskTest" name="openTasksModule" time="6.499"/>
  <testcase classname="com.MyWork.TaskTest" name="fillCreateNewTask" time="6.097"/>
</testsuite> <!-- com.MyWork.TaskTest -->
