<?xml version="1.0" encoding="UTF-8"?>
<!-- Generated by org.testng.reporters.JUnitReportReporter -->
<testsuite hostname="IN2-NOINB-ABBI" failures="0" tests="5" name="com.saleshub.SalesHomeTest" time="46.814" errors="0" timestamp="2024-03-19T16:22:06 IST" skipped="0">
  <testcase classname="com.saleshub.SalesHomeTest" name="launchiCustomerProduct" time="3.932"/>
  <testcase classname="com.saleshub.SalesHomeTest" name="openSalesHomeModule" time="5.154"/>
  <testcase classname="com.saleshub.SalesHomeTest" name="fillQualify" time="21.333"/>
  <testcase classname="com.saleshub.SalesHomeTest" name="fillDevelop" time="10.992"/>
  <testcase classname="com.saleshub.SalesHomeTest" name="fillPropose" time="5.403"/>
</testsuite> <!-- com.saleshub.SalesHomeTest -->
