<?xml version="1.0" encoding="UTF-8"?>
<!-- Generated by org.testng.reporters.JUnitReportReporter -->
<testsuite hostname="IN2-NOINB-ABBI" failures="0" tests="2" name="com.MyWork.DashboardTest" time="12.023" errors="0" timestamp="2024-03-19T16:05:44 IST" skipped="0">
  <testcase classname="com.MyWork.DashboardTest" name="launchiCustomerProduct" time="3.926"/>
  <testcase classname="com.MyWork.DashboardTest" name="CreateEvent" time="8.097"/>
</testsuite> <!-- com.MyWork.DashboardTest -->
