<?xml version="1.0" encoding="UTF-8"?>
<!-- Generated by org.testng.reporters.JUnitReportReporter -->
<testsuite hostname="IN2-NOINB-ABBI" failures="0" tests="3" name="com.iCustomer.CreateNewOrganizationTest" time="60.564" errors="0" timestamp="2024-04-01T10:49:00 IST" skipped="0">
  <testcase classname="com.iCustomer.CreateNewOrganizationTest" name="launchiCustomerProduct" time="42.245"/>
  <testcase classname="com.iCustomer.CreateNewOrganizationTest" name="open360HomeModule" time="6.757"/>
  <testcase classname="com.iCustomer.CreateNewOrganizationTest" name="fillDetails" time="11.562"/>
</testsuite> <!-- com.iCustomer.CreateNewOrganizationTest -->
