<?xml version="1.0" encoding="UTF-8"?>
<!-- Generated by org.testng.reporters.JUnitReportReporter -->
<testsuite hostname="IN2-NOINB-ABBI" failures="0" tests="3" name="com.MyWork.TaskTest" time="19.574" errors="0" timestamp="2024-04-01T10:49:00 IST" skipped="0">
  <testcase classname="com.MyWork.TaskTest" name="launchiCustomerProduct" time="5.025"/>
  <testcase classname="com.MyWork.TaskTest" name="openTasksModule" time="8.047"/>
  <testcase classname="com.MyWork.TaskTest" name="fillCreateNewTask" time="6.502"/>
</testsuite> <!-- com.MyWork.TaskTest -->
