<?xml version="1.0" encoding="UTF-8"?>
<!-- Generated by org.testng.reporters.JUnitReportReporter -->
<testsuite hostname="IN2-NOINB-ABBI" failures="0" tests="3" name="com.iCustomer.CreateNewOrganizationTest" time="27.034" errors="0" timestamp="2024-03-19T13:01:28 IST" skipped="0">
  <testcase classname="com.iCustomer.CreateNewOrganizationTest" name="launchiCustomerProduct" time="14.330"/>
  <testcase classname="com.iCustomer.CreateNewOrganizationTest" name="open360HomeModule" time="3.238"/>
  <testcase classname="com.iCustomer.CreateNewOrganizationTest" name="fillDetails" time="9.466"/>
</testsuite> <!-- com.iCustomer.CreateNewOrganizationTest -->
